C:\SVN\LPI\LPI2010_PA_V1\DEBUG\LPI2010_PA_V1.EXE
C:\SVN\LPI\LPI2010_PA_V1\DEBUG\LPI2010_PA_V1.PDB
C:\svn\LPI\lpi2010_pa_v1\lpi2010_pa_v1\Debug\cl.command.1.tlog
C:\svn\LPI\lpi2010_pa_v1\lpi2010_pa_v1\Debug\CL.read.1.tlog
C:\svn\LPI\lpi2010_pa_v1\lpi2010_pa_v1\Debug\CL.write.1.tlog
C:\SVN\LPI\LPI2010_PA_V1\LPI2010_PA_V1\DEBUG\ESPECTADOR.OBJ
C:\svn\LPI\lpi2010_pa_v1\lpi2010_pa_v1\Debug\link.3012.read.1.tlog
C:\svn\LPI\lpi2010_pa_v1\lpi2010_pa_v1\Debug\link.3012.write.1.tlog
C:\svn\LPI\lpi2010_pa_v1\lpi2010_pa_v1\Debug\link.3012-cvtres.read.1.tlog
C:\svn\LPI\lpi2010_pa_v1\lpi2010_pa_v1\Debug\link.3012-cvtres.write.1.tlog
C:\svn\LPI\lpi2010_pa_v1\lpi2010_pa_v1\Debug\link.command.1.tlog
C:\svn\LPI\lpi2010_pa_v1\lpi2010_pa_v1\Debug\link.read.1.tlog
C:\svn\LPI\lpi2010_pa_v1\lpi2010_pa_v1\Debug\link.write.1.tlog
C:\svn\LPI\lpi2010_pa_v1\lpi2010_pa_v1\Debug\link-cvtres.read.1.tlog
C:\svn\LPI\lpi2010_pa_v1\lpi2010_pa_v1\Debug\link-cvtres.write.1.tlog
C:\SVN\LPI\LPI2010_PA_V1\LPI2010_PA_V1\DEBUG\LPI2010_PA_V1.EXE.EMBED.MANIFEST
C:\SVN\LPI\LPI2010_PA_V1\LPI2010_PA_V1\DEBUG\LPI2010_PA_V1.EXE.EMBED.MANIFEST.RES
C:\SVN\LPI\LPI2010_PA_V1\LPI2010_PA_V1\DEBUG\LPI2010_PA_V1.EXE.INTERMEDIATE.MANIFEST
C:\SVN\LPI\LPI2010_PA_V1\LPI2010_PA_V1\DEBUG\LPI2010_PA_V1.OBJ
C:\svn\LPI\lpi2010_pa_v1\lpi2010_pa_v1\Debug\lpi2010_pa_v1_manifest.rc
C:\svn\LPI\lpi2010_pa_v1\lpi2010_pa_v1\Debug\mt.command.1.tlog
C:\svn\LPI\lpi2010_pa_v1\lpi2010_pa_v1\Debug\mt.read.1.tlog
C:\svn\LPI\lpi2010_pa_v1\lpi2010_pa_v1\Debug\mt.write.1.tlog
C:\svn\LPI\lpi2010_pa_v1\lpi2010_pa_v1\Debug\rc.command.1.tlog
C:\svn\LPI\lpi2010_pa_v1\lpi2010_pa_v1\Debug\rc.read.1.tlog
C:\svn\LPI\lpi2010_pa_v1\lpi2010_pa_v1\Debug\rc.write.1.tlog
C:\SVN\LPI\LPI2010_PA_V1\LPI2010_PA_V1\DEBUG\STDAFX.OBJ
C:\svn\LPI\lpi2010_pa_v1\lpi2010_pa_v1\Debug\vc100.idb
C:\SVN\LPI\LPI2010_PA_V1\LPI2010_PA_V1\DEBUG\VC100.PDB
